[Trace - 01:25:00 pm] Sending request 'initialize - (1)'
Params: {
  "processId": null,
  "rootUri": "file:///Users/abiasprozvanny/Documents/code/marko/markojs-intellij-plugin/",
  "capabilities": {
    "workspace": {
      "applyEdit": true,
      "workspaceEdit": {
        "documentChanges": true
      },
      "didChangeConfiguration": {},
      "didChangeWatchedFiles": {
        "dynamicRegistration": true
      },
      "symbol": {},
      "executeCommand": {},
      "workspaceFolders": false,
      "configuration": true
    },
    "textDocument": {
      "synchronization": {
        "willSave": true,
        "willSaveWaitUntil": true,
        "didSave": true
      },
      "completion": {
        "completionItem": {
          "snippetSupport": true
        }
      },
      "hover": {},
      "signatureHelp": {},
      "references": {},
      "documentHighlight": {},
      "formatting": {},
      "rangeFormatting": {},
      "onTypeFormatting": {},
      "definition": {},
      "codeAction": {},
      "rename": {
        "prepareSupport": true,
        "dynamicRegistration": false
      },
      "semanticHighlightingCapabilities": {
        "semanticHighlighting": false
      }
    }
  }
}


[Trace - 01:25:01 pm] Received response 'initialize - (1)' in 491ms
Result: {
  "capabilities": {
    "textDocumentSync": 1,
    "completionProvider": {
      "triggerCharacters": [
        ".",
        ":",
        "\u003c",
        "\u003e",
        "@",
        "/"
      ]
    },
    "definitionProvider": true,
    "documentFormattingProvider": true
  }
}


[Trace - 01:25:01 pm] Sending notification 'initialized'
Params: {}


[Trace - 01:25:01 pm] Sending notification 'textDocument/didOpen'
Params: {
  "textDocument": {
    "uri": "file:///Users/abiasprozvanny/Documents/code/marko/markojs-intellij-plugin/test.marko",
    "languageId": "marko",
    "version": 0,
    "text": ""
  }
}


[Trace - 01:25:02 pm] Received notification 'textDocument/publishDiagnostics'
Params: {
  "uri": "file:///Users/abiasprozvanny/Documents/code/marko/markojs-intellij-plugin/test.marko",
  "diagnostics": []
}


[Trace - 01:25:08 pm] Sending notification 'textDocument/willSave'
Params: {
  "textDocument": {
    "uri": "file:///Users/abiasprozvanny/Documents/code/marko/markojs-intellij-plugin/test.marko"
  },
  "reason": 1
}


[Trace - 01:25:17 pm] Sending notification 'workspace/didChangeWatchedFiles'
Params: {
  "changes": [
    {
      "uri": "file:///Users/abiasprozvanny/Documents/code/marko/markojs-intellij-plugin/lsp",
      "type": 1
    }
  ]
}


[Trace - 01:25:17 pm] Sending notification 'workspace/didChangeWatchedFiles'
Params: {
  "changes": [
    {
      "uri": "file:///Users/abiasprozvanny/Documents/code/marko/markojs-intellij-plugin/.git/index",
      "type": 2
    }
  ]
}


[Trace - 01:25:20 pm] Sending notification 'textDocument/willSave'
Params: {
  "textDocument": {
    "uri": "file:///Users/abiasprozvanny/Documents/code/marko/markojs-intellij-plugin/test.marko"
  },
  "reason": 1
}


[Trace - 01:25:38 pm] Sending notification 'workspace/didChangeWatchedFiles'
Params: {
  "changes": [
    {
      "uri": "file:///Users/abiasprozvanny/Documents/code/marko/markojs-intellij-plugin/lsp/log/marko_out_20200605.log",
      "type": 2
    }
  ]
}


[Trace - 01:25:39 pm] Sending notification 'textDocument/didChange'
Params: {
  "textDocument": {
    "version": 1,
    "uri": "file:///Users/abiasprozvanny/Documents/code/marko/markojs-intellij-plugin/test.marko"
  },
  "contentChanges": [
    {
      "text": "class {\n    sayHi() {\n        alert(\"Hi!\");\n    }\n}\n \n\u003cbutton on-click(\"sayHi\")\u003eClick me!\u003c/button\u003e"
    }
  ]
}


[Trace - 01:25:40 pm] Received notification 'textDocument/publishDiagnostics'
Params: {
  "uri": "file:///Users/abiasprozvanny/Documents/code/marko/markojs-intellij-plugin/test.marko",
  "diagnostics": []
}


[Trace - 01:25:59 pm] Sending notification 'workspace/didChangeWatchedFiles'
Params: {
  "changes": [
    {
      "uri": "file:///Users/abiasprozvanny/Documents/code/marko/markojs-intellij-plugin/.idea/workspace.xml",
      "type": 2
    }
  ]
}


[Trace - 01:26:10 pm] Sending notification 'workspace/didChangeWatchedFiles'
Params: {
  "changes": [
    {
      "uri": "file:///Users/abiasprozvanny/Documents/code/marko/markojs-intellij-plugin/lsp/log/marko_out_20200605.log",
      "type": 2
    }
  ]
}


[Trace - 01:26:10 pm] Sending notification 'workspace/didChangeWatchedFiles'
Params: {
  "changes": [
    {
      "uri": "file:///Users/abiasprozvanny/Documents/code/marko/markojs-intellij-plugin/.idea/workspace.xml",
      "type": 2
    }
  ]
}


[Trace - 01:26:21 pm] Sending notification 'workspace/didChangeWatchedFiles'
Params: {
  "changes": [
    {
      "uri": "file:///Users/abiasprozvanny/Documents/code/marko/markojs-intellij-plugin/.idea/workspace.xml",
      "type": 2
    }
  ]
}


[Trace - 01:26:25 pm] Sending notification 'textDocument/willSave'
Params: {
  "textDocument": {
    "uri": "file:///Users/abiasprozvanny/Documents/code/marko/markojs-intellij-plugin/test.marko"
  },
  "reason": 1
}


[Trace - 01:26:25 pm] Sending notification 'textDocument/willSave'
Params: {
  "textDocument": {
    "uri": "file:///Users/abiasprozvanny/Documents/code/marko/markojs-intellij-plugin/test.marko"
  },
  "reason": 1
}


[Trace - 01:26:25 pm] Sending notification 'textDocument/didChange'
Params: {
  "textDocument": {
    "version": 2,
    "uri": "file:///Users/abiasprozvanny/Documents/code/marko/markojs-intellij-plugin/test.marko"
  },
  "contentChanges": [
    {
      "text": "class {\n    sayHi() {\n        alert(\"Hi!\");\n    }\n}\n\n\u003cbutton on-click(\"sayHi\")\u003eClick me!\u003c/button\u003e"
    }
  ]
}


[Trace - 01:26:25 pm] Sending notification 'textDocument/didSave'
Params: {
  "textDocument": {
    "uri": "file:///Users/abiasprozvanny/Documents/code/marko/markojs-intellij-plugin/test.marko"
  },
  "text": "class {\n    sayHi() {\n        alert(\"Hi!\");\n    }\n}\n\n\u003cbutton on-click(\"sayHi\")\u003eClick me!\u003c/button\u003e"
}


[Trace - 01:26:25 pm] Sending notification 'textDocument/willSave'
Params: {
  "textDocument": {
    "uri": "file:///Users/abiasprozvanny/Documents/code/marko/markojs-intellij-plugin/test.marko"
  },
  "reason": 1
}


[Trace - 01:26:25 pm] Sending notification 'workspace/didChangeWatchedFiles'
Params: {
  "changes": [
    {
      "uri": "file:///Users/abiasprozvanny/Documents/code/marko/markojs-intellij-plugin/.idea/workspace.xml",
      "type": 2
    }
  ]
}


[Trace - 01:26:25 pm] Sending request 'shutdown - (2)'
Params: null


[Trace - 01:26:25 pm] Sending notification 'textDocument/didClose'
Params: {
  "textDocument": {
    "uri": "file:///Users/abiasprozvanny/Documents/code/marko/markojs-intellij-plugin/test.marko"
  }
}


[Trace - 01:26:25 pm] Received response 'shutdown - (2)' in 1ms
Result: null


[Trace - 01:26:43 pm] Sending request 'initialize - (1)'
Params: {
  "processId": null,
  "rootUri": "file:///Users/abiasprozvanny/Documents/code/marko/markojs-intellij-plugin/",
  "capabilities": {
    "workspace": {
      "applyEdit": true,
      "workspaceEdit": {
        "documentChanges": true
      },
      "didChangeConfiguration": {},
      "didChangeWatchedFiles": {
        "dynamicRegistration": true
      },
      "symbol": {},
      "executeCommand": {},
      "workspaceFolders": false,
      "configuration": true
    },
    "textDocument": {
      "synchronization": {
        "willSave": true,
        "willSaveWaitUntil": true,
        "didSave": true
      },
      "completion": {
        "completionItem": {
          "snippetSupport": true
        }
      },
      "hover": {},
      "signatureHelp": {},
      "references": {},
      "documentHighlight": {},
      "formatting": {},
      "rangeFormatting": {},
      "onTypeFormatting": {},
      "definition": {},
      "codeAction": {},
      "rename": {
        "prepareSupport": true,
        "dynamicRegistration": false
      },
      "semanticHighlightingCapabilities": {
        "semanticHighlighting": false
      }
    }
  }
}


[Trace - 01:26:43 pm] Received response 'initialize - (1)' in 252ms
Result: {
  "capabilities": {
    "textDocumentSync": 1,
    "completionProvider": {
      "triggerCharacters": [
        ".",
        ":",
        "\u003c",
        "\u003e",
        "@",
        "/"
      ]
    },
    "definitionProvider": true,
    "documentFormattingProvider": true
  }
}


[Trace - 01:26:43 pm] Sending notification 'initialized'
Params: {}


[Trace - 01:26:43 pm] Sending notification 'textDocument/didOpen'
Params: {
  "textDocument": {
    "uri": "file:///Users/abiasprozvanny/Documents/code/marko/markojs-intellij-plugin/test.marko",
    "languageId": "marko",
    "version": 0,
    "text": "class {\n    sayHi() {\n        alert(\"Hi!\");\n    }\n}\n\n\u003cbutton on-click(\"sayHi\")\u003eClick me!\u003c/button\u003e"
  }
}


[Trace - 01:26:44 pm] Received notification 'textDocument/publishDiagnostics'
Params: {
  "uri": "file:///Users/abiasprozvanny/Documents/code/marko/markojs-intellij-plugin/test.marko",
  "diagnostics": []
}


[Trace - 01:26:47 pm] Sending notification 'textDocument/willSave'
Params: {
  "textDocument": {
    "uri": "file:///Users/abiasprozvanny/Documents/code/marko/markojs-intellij-plugin/test.marko"
  },
  "reason": 1
}


[Trace - 01:26:48 pm] Sending notification 'textDocument/willSave'
Params: {
  "textDocument": {
    "uri": "file:///Users/abiasprozvanny/Documents/code/marko/markojs-intellij-plugin/test.marko"
  },
  "reason": 1
}


[Trace - 01:27:33 pm] Sending notification 'textDocument/willSave'
Params: {
  "textDocument": {
    "uri": "file:///Users/abiasprozvanny/Documents/code/marko/markojs-intellij-plugin/test.marko"
  },
  "reason": 1
}


[Trace - 01:27:34 pm] Sending notification 'workspace/didChangeWatchedFiles'
Params: {
  "changes": [
    {
      "uri": "file:///Users/abiasprozvanny/Documents/code/marko/markojs-intellij-plugin/.idea/workspace.xml",
      "type": 2
    }
  ]
}


[Trace - 01:27:34 pm] Sending notification 'workspace/didChangeWatchedFiles'
Params: {
  "changes": [
    {
      "uri": "file:///Users/abiasprozvanny/Documents/code/marko/Marko_language_plugin/.idea/workspace.xml",
      "type": 2
    }
  ]
}


[Trace - 01:27:41 pm] Sending notification 'workspace/didChangeWatchedFiles'
Params: {
  "changes": [
    {
      "uri": "file:///Users/abiasprozvanny/Documents/code/marko/markojs-intellij-plugin/lsp/log/marko_out_20200605.log",
      "type": 2
    }
  ]
}


[Trace - 01:28:19 pm] Sending notification 'workspace/didChangeWatchedFiles'
Params: {
  "changes": [
    {
      "uri": "file:///Users/abiasprozvanny/Documents/code/marko/Marko_language_plugin/.idea/workspace.xml",
      "type": 2
    }
  ]
}


[Trace - 01:28:19 pm] Sending notification 'workspace/didChangeWatchedFiles'
Params: {
  "changes": [
    {
      "uri": "file:///Users/abiasprozvanny/Documents/code/marko/markojs-intellij-plugin/.idea/workspace.xml",
      "type": 2
    }
  ]
}


[Trace - 01:28:34 pm] Sending notification 'workspace/didChangeWatchedFiles'
Params: {
  "changes": [
    {
      "uri": "file:///Users/abiasprozvanny/Documents/code/marko/markojs-intellij-plugin/lsp/log/marko_out_20200605.log",
      "type": 2
    }
  ]
}


[Trace - 01:28:35 pm] Sending notification 'workspace/didChangeWatchedFiles'
Params: {
  "changes": [
    {
      "uri": "file:///Users/abiasprozvanny/Documents/code/marko/markojs-intellij-plugin/lsp/log/marko_out_20200605.log",
      "type": 2
    }
  ]
}


[Trace - 01:28:48 pm] Sending notification 'workspace/didChangeWatchedFiles'
Params: {
  "changes": [
    {
      "uri": "file:///Users/abiasprozvanny/Documents/code/marko/Marko_language_plugin/.idea/workspace.xml",
      "type": 2
    }
  ]
}


[Trace - 01:28:48 pm] Sending notification 'workspace/didChangeWatchedFiles'
Params: {
  "changes": [
    {
      "uri": "file:///Users/abiasprozvanny/Documents/code/marko/markojs-intellij-plugin/.idea/workspace.xml",
      "type": 2
    }
  ]
}


[Trace - 01:28:48 pm] Sending notification 'textDocument/willSave'
Params: {
  "textDocument": {
    "uri": "file:///Users/abiasprozvanny/Documents/code/marko/markojs-intellij-plugin/test.marko"
  },
  "reason": 1
}


[Trace - 01:28:48 pm] Sending notification 'textDocument/willSave'
Params: {
  "textDocument": {
    "uri": "file:///Users/abiasprozvanny/Documents/code/marko/markojs-intellij-plugin/test.marko"
  },
  "reason": 1
}


[Trace - 01:28:48 pm] Sending request 'shutdown - (2)'
Params: null


[Trace - 01:28:48 pm] Sending notification 'textDocument/didClose'
Params: {
  "textDocument": {
    "uri": "file:///Users/abiasprozvanny/Documents/code/marko/markojs-intellij-plugin/test.marko"
  }
}


[Trace - 01:28:48 pm] Received response 'shutdown - (2)' in 3ms
Result: null


[Trace - 01:28:56 pm] Sending request 'initialize - (1)'
Params: {
  "processId": null,
  "rootUri": "file:///Users/abiasprozvanny/Documents/code/marko/markojs-intellij-plugin/",
  "capabilities": {
    "workspace": {
      "applyEdit": true,
      "workspaceEdit": {
        "documentChanges": true
      },
      "didChangeConfiguration": {},
      "didChangeWatchedFiles": {
        "dynamicRegistration": true
      },
      "symbol": {},
      "executeCommand": {},
      "workspaceFolders": false,
      "configuration": true
    },
    "textDocument": {
      "synchronization": {
        "willSave": true,
        "willSaveWaitUntil": true,
        "didSave": true
      },
      "completion": {
        "completionItem": {
          "snippetSupport": true
        }
      },
      "hover": {},
      "signatureHelp": {},
      "references": {},
      "documentHighlight": {},
      "formatting": {},
      "rangeFormatting": {},
      "onTypeFormatting": {},
      "definition": {},
      "codeAction": {},
      "rename": {
        "prepareSupport": true,
        "dynamicRegistration": false
      },
      "semanticHighlightingCapabilities": {
        "semanticHighlighting": false
      }
    }
  }
}


[Trace - 01:28:57 pm] Received response 'initialize - (1)' in 131ms
Result: {
  "capabilities": {
    "textDocumentSync": 1,
    "completionProvider": {
      "triggerCharacters": [
        ".",
        ":",
        "\u003c",
        "\u003e",
        "@",
        "/"
      ]
    },
    "definitionProvider": true,
    "documentFormattingProvider": true
  }
}


[Trace - 01:28:57 pm] Sending notification 'initialized'
Params: {}


[Trace - 01:28:57 pm] Sending notification 'textDocument/didOpen'
Params: {
  "textDocument": {
    "uri": "file:///Users/abiasprozvanny/Documents/code/marko/markojs-intellij-plugin/test.marko",
    "languageId": "marko",
    "version": 0,
    "text": "class {\n    sayHi() {\n        alert(\"Hi!\");\n    }\n}\n\n\u003cbutton on-click(\"sayHi\")\u003eClick me!\u003c/button\u003e"
  }
}


[Trace - 01:28:58 pm] Received notification 'textDocument/publishDiagnostics'
Params: {
  "uri": "file:///Users/abiasprozvanny/Documents/code/marko/markojs-intellij-plugin/test.marko",
  "diagnostics": []
}


[Trace - 01:28:59 pm] Sending notification 'textDocument/willSave'
Params: {
  "textDocument": {
    "uri": "file:///Users/abiasprozvanny/Documents/code/marko/markojs-intellij-plugin/test.marko"
  },
  "reason": 1
}


[Trace - 01:29:11 pm] Sending notification 'workspace/didChangeWatchedFiles'
Params: {
  "changes": [
    {
      "uri": "file:///Users/abiasprozvanny/Documents/code/marko/markojs-intellij-plugin/lsp/log/marko_out_20200605.log",
      "type": 2
    }
  ]
}


[Trace - 01:29:58 pm] Sending notification 'workspace/didChangeWatchedFiles'
Params: {
  "changes": [
    {
      "uri": "file:///Users/abiasprozvanny/Documents/code/marko/markojs-intellij-plugin/.idea/workspace.xml",
      "type": 2
    }
  ]
}


[Trace - 01:29:59 pm] Sending notification 'workspace/didChangeWatchedFiles'
Params: {
  "changes": [
    {
      "uri": "file:///Users/abiasprozvanny/Documents/code/marko/Marko_language_plugin/.idea/workspace.xml",
      "type": 2
    }
  ]
}


[Trace - 01:30:05 pm] Sending notification 'workspace/didChangeWatchedFiles'
Params: {
  "changes": [
    {
      "uri": "file:///Users/abiasprozvanny/Documents/code/marko/markojs-intellij-plugin/lsp/log/marko_out_20200605.log",
      "type": 2
    }
  ]
}


[Trace - 01:30:07 pm] Sending notification 'textDocument/willSave'
Params: {
  "textDocument": {
    "uri": "file:///Users/abiasprozvanny/Documents/code/marko/markojs-intellij-plugin/test.marko"
  },
  "reason": 1
}


[Trace - 01:30:22 pm] Sending notification 'textDocument/willSave'
Params: {
  "textDocument": {
    "uri": "file:///Users/abiasprozvanny/Documents/code/marko/markojs-intellij-plugin/test.marko"
  },
  "reason": 1
}


[Trace - 01:33:35 pm] Sending notification 'textDocument/willSave'
Params: {
  "textDocument": {
    "uri": "file:///Users/abiasprozvanny/Documents/code/marko/markojs-intellij-plugin/test.marko"
  },
  "reason": 1
}


[Trace - 01:33:57 pm] Sending notification 'textDocument/willSave'
Params: {
  "textDocument": {
    "uri": "file:///Users/abiasprozvanny/Documents/code/marko/markojs-intellij-plugin/test.marko"
  },
  "reason": 1
}


[Trace - 01:34:45 pm] Sending notification 'textDocument/willSave'
Params: {
  "textDocument": {
    "uri": "file:///Users/abiasprozvanny/Documents/code/marko/markojs-intellij-plugin/test.marko"
  },
  "reason": 1
}


[Trace - 01:34:45 pm] Sending notification 'workspace/didChangeWatchedFiles'
Params: {
  "changes": [
    {
      "uri": "file:///Users/abiasprozvanny/Documents/code/marko/markojs-intellij-plugin/src/main/resources/META-INF/plugin.xml",
      "type": 2
    }
  ]
}


[Trace - 01:35:02 pm] Sending notification 'textDocument/willSave'
Params: {
  "textDocument": {
    "uri": "file:///Users/abiasprozvanny/Documents/code/marko/markojs-intellij-plugin/test.marko"
  },
  "reason": 1
}


[Trace - 01:35:02 pm] Sending notification 'workspace/didChangeWatchedFiles'
Params: {
  "changes": [
    {
      "uri": "file:///Users/abiasprozvanny/Documents/code/marko/markojs-intellij-plugin/.idea/workspace.xml",
      "type": 2
    }
  ]
}


[Trace - 01:35:02 pm] Sending notification 'workspace/didChangeWatchedFiles'
Params: {
  "changes": [
    {
      "uri": "file:///Users/abiasprozvanny/Documents/code/marko/Marko_language_plugin/.idea/workspace.xml",
      "type": 2
    }
  ]
}


[Trace - 01:35:30 pm] Sending notification 'textDocument/willSave'
Params: {
  "textDocument": {
    "uri": "file:///Users/abiasprozvanny/Documents/code/marko/markojs-intellij-plugin/test.marko"
  },
  "reason": 1
}


[Trace - 01:36:21 pm] Sending notification 'textDocument/willSave'
Params: {
  "textDocument": {
    "uri": "file:///Users/abiasprozvanny/Documents/code/marko/markojs-intellij-plugin/test.marko"
  },
  "reason": 1
}


[Trace - 01:36:55 pm] Sending notification 'workspace/didChangeWatchedFiles'
Params: {
  "changes": [
    {
      "uri": "file:///Users/abiasprozvanny/Documents/code/marko/markojs-intellij-plugin/build/idea-sandbox/plugins/pluginsXMLIds.json.etag",
      "type": 3
    }
  ]
}


[Trace - 01:36:55 pm] Sending notification 'workspace/didChangeWatchedFiles'
Params: {
  "changes": [
    {
      "uri": "file:///Users/abiasprozvanny/Documents/code/marko/markojs-intellij-plugin/build/idea-sandbox/plugins/meta",
      "type": 3
    }
  ]
}


[Trace - 01:36:55 pm] Sending notification 'workspace/didChangeWatchedFiles'
Params: {
  "changes": [
    {
      "uri": "file:///Users/abiasprozvanny/Documents/code/marko/markojs-intellij-plugin/build/idea-sandbox/plugins/pluginsXMLIds.json",
      "type": 3
    }
  ]
}


[Trace - 01:36:55 pm] Sending notification 'workspace/didChangeWatchedFiles'
Params: {
  "changes": [
    {
      "uri": "file:///Users/abiasprozvanny/Documents/code/marko/markojs-intellij-plugin/build/idea-sandbox/plugins/markojs-intellij-plugin/marko.tmbundle",
      "type": 3
    }
  ]
}


[Trace - 01:36:55 pm] Sending notification 'workspace/didChangeWatchedFiles'
Params: {
  "changes": [
    {
      "uri": "file:///Users/abiasprozvanny/Documents/code/marko/markojs-intellij-plugin/build/idea-sandbox/plugins/markojs-intellij-plugin/server",
      "type": 3
    }
  ]
}


[Trace - 01:36:55 pm] Sending notification 'workspace/didChangeWatchedFiles'
Params: {
  "changes": [
    {
      "uri": "file:///Users/abiasprozvanny/Documents/code/marko/markojs-intellij-plugin/build/libs/markojs-intellij-plugin.jar",
      "type": 2
    }
  ]
}


[Trace - 01:36:55 pm] Sending notification 'workspace/didChangeWatchedFiles'
Params: {
  "changes": [
    {
      "uri": "file:///Users/abiasprozvanny/Documents/code/marko/markojs-intellij-plugin/build/patchedPluginXmlFiles/plugin.xml",
      "type": 2
    }
  ]
}


[Trace - 01:36:55 pm] Sending notification 'workspace/didChangeWatchedFiles'
Params: {
  "changes": [
    {
      "uri": "file:///Users/abiasprozvanny/Documents/code/marko/markojs-intellij-plugin/build/idea-sandbox/system/.home",
      "type": 2
    }
  ]
}


[Trace - 01:36:55 pm] Sending notification 'workspace/didChangeWatchedFiles'
Params: {
  "changes": [
    {
      "uri": "file:///Users/abiasprozvanny/Documents/code/marko/markojs-intellij-plugin/build/idea-sandbox/plugins/availables.xml",
      "type": 2
    }
  ]
}


[Trace - 01:36:55 pm] Sending notification 'workspace/didChangeWatchedFiles'
Params: {
  "changes": [
    {
      "uri": "file:///Users/abiasprozvanny/Documents/code/marko/markojs-intellij-plugin/build/idea-sandbox/plugins/availables.xml.etag",
      "type": 2
    }
  ]
}


[Trace - 01:36:55 pm] Sending notification 'workspace/didChangeWatchedFiles'
Params: {
  "changes": [
    {
      "uri": "file:///Users/abiasprozvanny/Documents/code/marko/markojs-intellij-plugin/build/idea-sandbox/plugins/markojs-intellij-plugin/lib/gson-2.8.2.jar",
      "type": 2
    }
  ]
}


[Trace - 01:36:55 pm] Sending notification 'workspace/didChangeWatchedFiles'
Params: {
  "changes": [
    {
      "uri": "file:///Users/abiasprozvanny/Documents/code/marko/markojs-intellij-plugin/build/idea-sandbox/plugins/markojs-intellij-plugin/lib/guava-21.0.jar",
      "type": 2
    }
  ]
}


[Trace - 01:36:55 pm] Sending notification 'workspace/didChangeWatchedFiles'
Params: {
  "changes": [
    {
      "uri": "file:///Users/abiasprozvanny/Documents/code/marko/markojs-intellij-plugin/build/idea-sandbox/plugins/markojs-intellij-plugin/lib/antlr-2.7.7.jar",
      "type": 2
    }
  ]
}


[Trace - 01:36:55 pm] Sending notification 'workspace/didChangeWatchedFiles'
Params: {
  "changes": [
    {
      "uri": "file:///Users/abiasprozvanny/Documents/code/marko/markojs-intellij-plugin/build/idea-sandbox/plugins/markojs-intellij-plugin/lib/flexmark-0.34.58.jar",
      "type": 2
    }
  ]
}


[Trace - 01:36:55 pm] Sending notification 'workspace/didChangeWatchedFiles'
Params: {
  "changes": [
    {
      "uri": "file:///Users/abiasprozvanny/Documents/code/marko/markojs-intellij-plugin/build/idea-sandbox/plugins/markojs-intellij-plugin/lib/commons-lang3-3.4.jar",
      "type": 2
    }
  ]
}


[Trace - 01:36:55 pm] Sending notification 'workspace/didChangeWatchedFiles'
Params: {
  "changes": [
    {
      "uri": "file:///Users/abiasprozvanny/Documents/code/marko/markojs-intellij-plugin/build/idea-sandbox/plugins/markojs-intellij-plugin/lib/flexmark-util-0.34.58.jar",
      "type": 2
    }
  ]
}


[Trace - 01:36:55 pm] Sending notification 'workspace/didChangeWatchedFiles'
Params: {
  "changes": [
    {
      "uri": "file:///Users/abiasprozvanny/Documents/code/marko/markojs-intellij-plugin/build/idea-sandbox/plugins/markojs-intellij-plugin/lib/markojs-intellij-plugin.jar",
      "type": 2
    }
  ]
}


[Trace - 01:36:55 pm] Sending notification 'workspace/didChangeWatchedFiles'
Params: {
  "changes": [
    {
      "uri": "file:///Users/abiasprozvanny/Documents/code/marko/markojs-intellij-plugin/build/idea-sandbox/plugins/markojs-intellij-plugin/lib/org.eclipse.lsp4j-0.8.1.jar",
      "type": 2
    }
  ]
}


[Trace - 01:36:55 pm] Sending notification 'workspace/didChangeWatchedFiles'
Params: {
  "changes": [
    {
      "uri": "file:///Users/abiasprozvanny/Documents/code/marko/markojs-intellij-plugin/build/idea-sandbox/plugins/markojs-intellij-plugin/lib/lsp4intellij-master-SNAPSHOT.jar",
      "type": 2
    }
  ]
}


[Trace - 01:36:55 pm] Sending notification 'workspace/didChangeWatchedFiles'
Params: {
  "changes": [
    {
      "uri": "file:///Users/abiasprozvanny/Documents/code/marko/markojs-intellij-plugin/build/idea-sandbox/plugins/markojs-intellij-plugin/lib/org.eclipse.xtend.lib-2.18.0.jar",
      "type": 2
    }
  ]
}


[Trace - 01:36:55 pm] Sending notification 'workspace/didChangeWatchedFiles'
Params: {
  "changes": [
    {
      "uri": "file:///Users/abiasprozvanny/Documents/code/marko/markojs-intellij-plugin/build/idea-sandbox/plugins/markojs-intellij-plugin/lib/org.eclipse.lsp4j.jsonrpc-0.8.1.jar",
      "type": 2
    }
  ]
}


[Trace - 01:36:55 pm] Sending notification 'workspace/didChangeWatchedFiles'
Params: {
  "changes": [
    {
      "uri": "file:///Users/abiasprozvanny/Documents/code/marko/markojs-intellij-plugin/build/idea-sandbox/plugins/markojs-intellij-plugin/lib/org.eclipse.lsp4j.generator-0.8.1.jar",
      "type": 2
    }
  ]
}


[Trace - 01:36:55 pm] Sending notification 'workspace/didChangeWatchedFiles'
Params: {
  "changes": [
    {
      "uri": "file:///Users/abiasprozvanny/Documents/code/marko/markojs-intellij-plugin/build/idea-sandbox/plugins/markojs-intellij-plugin/lib/org.eclipse.xtend.lib.macro-2.18.0.jar",
      "type": 2
    }
  ]
}


[Trace - 01:36:55 pm] Sending notification 'workspace/didChangeWatchedFiles'
Params: {
  "changes": [
    {
      "uri": "file:///Users/abiasprozvanny/Documents/code/marko/markojs-intellij-plugin/build/idea-sandbox/plugins/markojs-intellij-plugin/lib/org.eclipse.xtext.xbase.lib-2.18.0.jar",
      "type": 2
    }
  ]
}


[Trace - 01:37:01 pm] Sending notification 'textDocument/willSave'
Params: {
  "textDocument": {
    "uri": "file:///Users/abiasprozvanny/Documents/code/marko/markojs-intellij-plugin/test.marko"
  },
  "reason": 1
}


[Trace - 01:37:10 pm] Sending notification 'workspace/didChangeWatchedFiles'
Params: {
  "changes": [
    {
      "uri": "file:///Users/abiasprozvanny/Documents/code/marko/markojs-intellij-plugin/build",
      "type": 3
    }
  ]
}


[Trace - 01:37:12 pm] Sending notification 'workspace/didChangeWatchedFiles'
Params: {
  "changes": [
    {
      "uri": "file:///Users/abiasprozvanny/Documents/code/marko/markojs-intellij-plugin/lsp/log/marko_out_20200605.log",
      "type": 2
    }
  ]
}


[Trace - 01:37:12 pm] Sending notification 'textDocument/willSave'
Params: {
  "textDocument": {
    "uri": "file:///Users/abiasprozvanny/Documents/code/marko/markojs-intellij-plugin/test.marko"
  },
  "reason": 1
}


[Trace - 01:37:15 pm] Sending notification 'textDocument/willSave'
Params: {
  "textDocument": {
    "uri": "file:///Users/abiasprozvanny/Documents/code/marko/markojs-intellij-plugin/test.marko"
  },
  "reason": 1
}


[Trace - 01:37:16 pm] Sending notification 'workspace/didChangeWatchedFiles'
Params: {
  "changes": [
    {
      "uri": "file:///Users/abiasprozvanny/Documents/code/marko/markojs-intellij-plugin/.idea/workspace.xml",
      "type": 2
    }
  ]
}


[Trace - 01:38:16 pm] Sending notification 'workspace/didChangeWatchedFiles'
Params: {
  "changes": [
    {
      "uri": "file:///Users/abiasprozvanny/Documents/code/marko/markojs-intellij-plugin/build",
      "type": 1
    }
  ]
}


[Trace - 01:38:17 pm] Sending notification 'workspace/didChangeWatchedFiles'
Params: {
  "changes": [
    {
      "uri": "file:///Users/abiasprozvanny/Documents/code/marko/markojs-intellij-plugin/lsp/log/marko_out_20200605.log",
      "type": 2
    }
  ]
}


[Trace - 01:38:20 pm] Sending notification 'textDocument/willSave'
Params: {
  "textDocument": {
    "uri": "file:///Users/abiasprozvanny/Documents/code/marko/markojs-intellij-plugin/test.marko"
  },
  "reason": 1
}


[Trace - 01:38:21 pm] Sending notification 'textDocument/willSave'
Params: {
  "textDocument": {
    "uri": "file:///Users/abiasprozvanny/Documents/code/marko/markojs-intellij-plugin/test.marko"
  },
  "reason": 1
}


[Trace - 02:21:28 pm] Sending notification 'workspace/didChangeWatchedFiles'
Params: {
  "changes": [
    {
      "uri": "file:///Users/abiasprozvanny/Documents/code/marko/markojs-intellij-plugin/lsp/log/marko_out_20200605.log",
      "type": 2
    }
  ]
}


[Trace - 02:21:29 pm] Sending notification 'textDocument/willSave'
Params: {
  "textDocument": {
    "uri": "file:///Users/abiasprozvanny/Documents/code/marko/markojs-intellij-plugin/test.marko"
  },
  "reason": 1
}


[Trace - 02:21:42 pm] Sending notification 'textDocument/willSave'
Params: {
  "textDocument": {
    "uri": "file:///Users/abiasprozvanny/Documents/code/marko/markojs-intellij-plugin/test.marko"
  },
  "reason": 1
}


[Trace - 02:21:42 pm] Sending notification 'workspace/didChangeWatchedFiles'
Params: {
  "changes": [
    {
      "uri": "file:///Users/abiasprozvanny/Documents/code/marko/markojs-intellij-plugin/.idea/workspace.xml",
      "type": 2
    }
  ]
}


[Trace - 02:21:42 pm] Sending notification 'workspace/didChangeWatchedFiles'
Params: {
  "changes": [
    {
      "uri": "file:///Users/abiasprozvanny/Documents/code/marko/Marko_language_plugin/.idea/workspace.xml",
      "type": 2
    }
  ]
}


[Trace - 02:22:44 pm] Sending notification 'workspace/didChangeWatchedFiles'
Params: {
  "changes": [
    {
      "uri": "file:///Users/abiasprozvanny/Documents/code/marko/markojs-intellij-plugin/build/idea-sandbox/config/tasks",
      "type": 1
    }
  ]
}


[Trace - 02:22:44 pm] Sending notification 'workspace/didChangeWatchedFiles'
Params: {
  "changes": [
    {
      "uri": "file:///Users/abiasprozvanny/Documents/code/marko/markojs-intellij-plugin/build/idea-sandbox/config/port",
      "type": 1
    }
  ]
}


[Trace - 02:22:44 pm] Sending notification 'workspace/didChangeWatchedFiles'
Params: {
  "changes": [
    {
      "uri": "file:///Users/abiasprozvanny/Documents/code/marko/markojs-intellij-plugin/build/idea-sandbox/system/conversion",
      "type": 1
    }
  ]
}


[Trace - 02:22:44 pm] Sending notification 'workspace/didChangeWatchedFiles'
Params: {
  "changes": [
    {
      "uri": "file:///Users/abiasprozvanny/Documents/code/marko/markojs-intellij-plugin/build/idea-sandbox/system/LocalHistory",
      "type": 1
    }
  ]
}


[Trace - 02:22:44 pm] Sending notification 'workspace/didChangeWatchedFiles'
Params: {
  "changes": [
    {
      "uri": "file:///Users/abiasprozvanny/Documents/code/marko/markojs-intellij-plugin/build/idea-sandbox/system/icons",
      "type": 1
    }
  ]
}


[Trace - 02:22:44 pm] Sending notification 'workspace/didChangeWatchedFiles'
Params: {
  "changes": [
    {
      "uri": "file:///Users/abiasprozvanny/Documents/code/marko/markojs-intellij-plugin/build/idea-sandbox/system/httpFileSystem",
      "type": 1
    }
  ]
}


[Trace - 02:22:44 pm] Sending notification 'workspace/didChangeWatchedFiles'
Params: {
  "changes": [
    {
      "uri": "file:///Users/abiasprozvanny/Documents/code/marko/markojs-intellij-plugin/build/idea-sandbox/system/port",
      "type": 1
    }
  ]
}


[Trace - 02:22:44 pm] Sending notification 'workspace/didChangeWatchedFiles'
Params: {
  "changes": [
    {
      "uri": "file:///Users/abiasprozvanny/Documents/code/marko/markojs-intellij-plugin/build/idea-sandbox/system/token",
      "type": 1
    }
  ]
}


[Trace - 02:22:44 pm] Sending notification 'workspace/didChangeWatchedFiles'
Params: {
  "changes": [
    {
      "uri": "file:///Users/abiasprozvanny/Documents/code/marko/markojs-intellij-plugin/build/idea-sandbox/system/extResources",
      "type": 1
    }
  ]
}


[Trace - 02:22:44 pm] Sending notification 'workspace/didChangeWatchedFiles'
Params: {
  "changes": [
    {
      "uri": "file:///Users/abiasprozvanny/Documents/code/marko/markojs-intellij-plugin/build/idea-sandbox/system/compile-server",
      "type": 1
    }
  ]
}


[Trace - 02:22:44 pm] Sending notification 'workspace/didChangeWatchedFiles'
Params: {
  "changes": [
    {
      "uri": "file:///Users/abiasprozvanny/Documents/code/marko/markojs-intellij-plugin/build/idea-sandbox/system/recentFilesTimeStamps.dat",
      "type": 1
    }
  ]
}


[Trace - 02:22:44 pm] Sending notification 'workspace/didChangeWatchedFiles'
Params: {
  "changes": [
    {
      "uri": "file:///Users/abiasprozvanny/Documents/code/marko/markojs-intellij-plugin/build/idea-sandbox/system/.home",
      "type": 2
    }
  ]
}


[Trace - 02:22:46 pm] Sending notification 'workspace/didChangeWatchedFiles'
Params: {
  "changes": [
    {
      "uri": "file:///Users/abiasprozvanny/Documents/code/marko/markojs-intellij-plugin/build/idea-sandbox/system/port",
      "type": 3
    }
  ]
}


[Trace - 02:22:46 pm] Sending notification 'workspace/didChangeWatchedFiles'
Params: {
  "changes": [
    {
      "uri": "file:///Users/abiasprozvanny/Documents/code/marko/markojs-intellij-plugin/build/idea-sandbox/config/port",
      "type": 3
    }
  ]
}


[Trace - 02:22:46 pm] Sending notification 'workspace/didChangeWatchedFiles'
Params: {
  "changes": [
    {
      "uri": "file:///Users/abiasprozvanny/Documents/code/marko/markojs-intellij-plugin/build/idea-sandbox/system/token",
      "type": 3
    }
  ]
}


[Trace - 02:22:46 pm] Sending notification 'workspace/didChangeWatchedFiles'
Params: {
  "changes": [
    {
      "uri": "file:///Users/abiasprozvanny/Documents/code/marko/markojs-intellij-plugin/build/idea-sandbox/system/LocalHistory/changes.storageData",
      "type": 2
    }
  ]
}


[Trace - 02:22:46 pm] Sending notification 'workspace/didChangeWatchedFiles'
Params: {
  "changes": [
    {
      "uri": "file:///Users/abiasprozvanny/Documents/code/marko/markojs-intellij-plugin/build/idea-sandbox/system/LocalHistory/changes.storageRecordIndex",
      "type": 2
    }
  ]
}


[Trace - 02:23:03 pm] Sending notification 'textDocument/willSave'
Params: {
  "textDocument": {
    "uri": "file:///Users/abiasprozvanny/Documents/code/marko/markojs-intellij-plugin/test.marko"
  },
  "reason": 1
}


[Trace - 02:23:03 pm] Sending notification 'workspace/didChangeWatchedFiles'
Params: {
  "changes": [
    {
      "uri": "file:///Users/abiasprozvanny/Documents/code/marko/markojs-intellij-plugin/src/main/resources/META-INF/plugin.xml",
      "type": 2
    }
  ]
}


[Trace - 02:23:18 pm] Sending notification 'textDocument/willSave'
Params: {
  "textDocument": {
    "uri": "file:///Users/abiasprozvanny/Documents/code/marko/markojs-intellij-plugin/test.marko"
  },
  "reason": 1
}


[Trace - 02:24:56 pm] Sending notification 'textDocument/willSave'
Params: {
  "textDocument": {
    "uri": "file:///Users/abiasprozvanny/Documents/code/marko/markojs-intellij-plugin/test.marko"
  },
  "reason": 1
}


[Trace - 02:24:57 pm] Sending notification 'workspace/didChangeWatchedFiles'
Params: {
  "changes": [
    {
      "uri": "file:///Users/abiasprozvanny/Documents/code/marko/markojs-intellij-plugin/.idea/workspace.xml",
      "type": 2
    }
  ]
}


[Trace - 02:24:57 pm] Sending request 'shutdown - (2)'
Params: null


[Trace - 02:24:57 pm] Sending notification 'textDocument/didClose'
Params: {
  "textDocument": {
    "uri": "file:///Users/abiasprozvanny/Documents/code/marko/markojs-intellij-plugin/test.marko"
  }
}


[Trace - 02:24:57 pm] Received response 'shutdown - (2)' in 4ms
Result: null


[Trace - 02:25:15 pm] Sending request 'initialize - (1)'
Params: {
  "processId": null,
  "rootUri": "file:///Users/abiasprozvanny/Documents/code/marko/markojs-intellij-plugin/",
  "capabilities": {
    "workspace": {
      "applyEdit": true,
      "workspaceEdit": {
        "documentChanges": true
      },
      "didChangeConfiguration": {},
      "didChangeWatchedFiles": {
        "dynamicRegistration": true
      },
      "symbol": {},
      "executeCommand": {},
      "workspaceFolders": false,
      "configuration": true
    },
    "textDocument": {
      "synchronization": {
        "willSave": true,
        "willSaveWaitUntil": true,
        "didSave": true
      },
      "completion": {
        "completionItem": {
          "snippetSupport": true
        }
      },
      "hover": {},
      "signatureHelp": {},
      "references": {},
      "documentHighlight": {},
      "formatting": {},
      "rangeFormatting": {},
      "onTypeFormatting": {},
      "definition": {},
      "codeAction": {},
      "rename": {
        "prepareSupport": true,
        "dynamicRegistration": false
      },
      "semanticHighlightingCapabilities": {
        "semanticHighlighting": false
      }
    }
  }
}


[Trace - 02:25:15 pm] Received response 'initialize - (1)' in 268ms
Result: {
  "capabilities": {
    "textDocumentSync": 1,
    "completionProvider": {
      "triggerCharacters": [
        ".",
        ":",
        "\u003c",
        "\u003e",
        "@",
        "/"
      ]
    },
    "definitionProvider": true,
    "documentFormattingProvider": true
  }
}


[Trace - 02:25:15 pm] Sending notification 'initialized'
Params: {}


[Trace - 02:25:15 pm] Sending notification 'textDocument/didOpen'
Params: {
  "textDocument": {
    "uri": "file:///Users/abiasprozvanny/Documents/code/marko/markojs-intellij-plugin/test.marko",
    "languageId": "marko",
    "version": 0,
    "text": "class {\n    sayHi() {\n        alert(\"Hi!\");\n    }\n}\n\n\u003cbutton on-click(\"sayHi\")\u003eClick me!\u003c/button\u003e"
  }
}


[Trace - 02:25:16 pm] Received notification 'textDocument/publishDiagnostics'
Params: {
  "uri": "file:///Users/abiasprozvanny/Documents/code/marko/markojs-intellij-plugin/test.marko",
  "diagnostics": []
}


[Trace - 02:25:25 pm] Sending notification 'workspace/didChangeWatchedFiles'
Params: {
  "changes": [
    {
      "uri": "file:///Users/abiasprozvanny/Documents/code/marko/markojs-intellij-plugin/lsp/log/marko_out_20200605.log",
      "type": 2
    }
  ]
}


[Trace - 02:25:46 pm] Sending notification 'textDocument/willSave'
Params: {
  "textDocument": {
    "uri": "file:///Users/abiasprozvanny/Documents/code/marko/markojs-intellij-plugin/test.marko"
  },
  "reason": 1
}


[Trace - 02:25:49 pm] Sending notification 'textDocument/willSave'
Params: {
  "textDocument": {
    "uri": "file:///Users/abiasprozvanny/Documents/code/marko/markojs-intellij-plugin/test.marko"
  },
  "reason": 1
}


[Trace - 02:25:50 pm] Sending notification 'workspace/didChangeWatchedFiles'
Params: {
  "changes": [
    {
      "uri": "file:///Users/abiasprozvanny/Documents/code/marko/Marko_language_plugin/.idea/workspace.xml",
      "type": 2
    }
  ]
}


[Trace - 02:25:50 pm] Sending notification 'workspace/didChangeWatchedFiles'
Params: {
  "changes": [
    {
      "uri": "file:///Users/abiasprozvanny/Documents/code/marko/markojs-intellij-plugin/.idea/workspace.xml",
      "type": 2
    }
  ]
}


[Trace - 02:28:58 pm] Sending notification 'workspace/didChangeWatchedFiles'
Params: {
  "changes": [
    {
      "uri": "file:///Users/abiasprozvanny/Documents/code/marko/markojs-intellij-plugin/build/libs/markojs-intellij-plugin.jar",
      "type": 2
    }
  ]
}


[Trace - 02:28:58 pm] Sending notification 'workspace/didChangeWatchedFiles'
Params: {
  "changes": [
    {
      "uri": "file:///Users/abiasprozvanny/Documents/code/marko/markojs-intellij-plugin/build/distributions/markojs-intellij-plugin.zip",
      "type": 2
    }
  ]
}


[Trace - 02:28:58 pm] Sending notification 'workspace/didChangeWatchedFiles'
Params: {
  "changes": [
    {
      "uri": "file:///Users/abiasprozvanny/Documents/code/marko/markojs-intellij-plugin/build/patchedPluginXmlFiles/plugin.xml",
      "type": 2
    }
  ]
}


[Trace - 02:29:05 pm] Sending notification 'textDocument/willSave'
Params: {
  "textDocument": {
    "uri": "file:///Users/abiasprozvanny/Documents/code/marko/markojs-intellij-plugin/test.marko"
  },
  "reason": 1
}


[Trace - 02:29:07 pm] Sending notification 'textDocument/willSave'
Params: {
  "textDocument": {
    "uri": "file:///Users/abiasprozvanny/Documents/code/marko/markojs-intellij-plugin/test.marko"
  },
  "reason": 1
}


[Trace - 02:29:08 pm] Sending notification 'workspace/didChangeWatchedFiles'
Params: {
  "changes": [
    {
      "uri": "file:///Users/abiasprozvanny/Documents/code/marko/markojs-intellij-plugin/.idea/workspace.xml",
      "type": 2
    }
  ]
}


[Trace - 02:29:16 pm] Sending notification 'textDocument/willSave'
Params: {
  "textDocument": {
    "uri": "file:///Users/abiasprozvanny/Documents/code/marko/markojs-intellij-plugin/test.marko"
  },
  "reason": 1
}


[Trace - 02:29:16 pm] Sending notification 'workspace/didChangeWatchedFiles'
Params: {
  "changes": [
    {
      "uri": "file:///Users/abiasprozvanny/Documents/code/marko/markojs-intellij-plugin/build/idea-sandbox/system/workspace",
      "type": 1
    }
  ]
}


[Trace - 02:29:16 pm] Sending notification 'workspace/didChangeWatchedFiles'
Params: {
  "changes": [
    {
      "uri": "file:///Users/abiasprozvanny/Documents/code/marko/markojs-intellij-plugin/build/idea-sandbox/config/workspace",
      "type": 1
    }
  ]
}


[Trace - 02:29:16 pm] Sending notification 'workspace/didChangeWatchedFiles'
Params: {
  "changes": [
    {
      "uri": "file:///Users/abiasprozvanny/Documents/code/marko/markojs-intellij-plugin/build/idea-sandbox/system/.home",
      "type": 2
    }
  ]
}


[Trace - 02:29:16 pm] Sending notification 'workspace/didChangeWatchedFiles'
Params: {
  "changes": [
    {
      "uri": "file:///Users/abiasprozvanny/Documents/code/marko/markojs-intellij-plugin/build/idea-sandbox/plugins/availables.xml",
      "type": 2
    }
  ]
}


[Trace - 02:29:16 pm] Sending notification 'workspace/didChangeWatchedFiles'
Params: {
  "changes": [
    {
      "uri": "file:///Users/abiasprozvanny/Documents/code/marko/markojs-intellij-plugin/build/idea-sandbox/plugins/pluginsXMLIds.json",
      "type": 2
    }
  ]
}


[Trace - 02:29:16 pm] Sending notification 'workspace/didChangeWatchedFiles'
Params: {
  "changes": [
    {
      "uri": "file:///Users/abiasprozvanny/Documents/code/marko/markojs-intellij-plugin/build/idea-sandbox/plugins/availables.xml.etag",
      "type": 2
    }
  ]
}


[Trace - 02:29:16 pm] Sending notification 'workspace/didChangeWatchedFiles'
Params: {
  "changes": [
    {
      "uri": "file:///Users/abiasprozvanny/Documents/code/marko/markojs-intellij-plugin/build/idea-sandbox/plugins/pluginsXMLIds.json.etag",
      "type": 2
    }
  ]
}


[Trace - 02:29:16 pm] Sending notification 'workspace/didChangeWatchedFiles'
Params: {
  "changes": [
    {
      "uri": "file:///Users/abiasprozvanny/Documents/code/marko/markojs-intellij-plugin/build/idea-sandbox/plugins/meta/86248.json",
      "type": 2
    }
  ]
}


[Trace - 02:29:16 pm] Sending notification 'workspace/didChangeWatchedFiles'
Params: {
  "changes": [
    {
      "uri": "file:///Users/abiasprozvanny/Documents/code/marko/markojs-intellij-plugin/build/idea-sandbox/plugins/markojs-intellij-plugin/lib/gson-2.8.2.jar",
      "type": 2
    }
  ]
}


[Trace - 02:29:16 pm] Sending notification 'workspace/didChangeWatchedFiles'
Params: {
  "changes": [
    {
      "uri": "file:///Users/abiasprozvanny/Documents/code/marko/markojs-intellij-plugin/build/idea-sandbox/plugins/meta/86248.json.etag",
      "type": 2
    }
  ]
}


[Trace - 02:29:16 pm] Sending notification 'workspace/didChangeWatchedFiles'
Params: {
  "changes": [
    {
      "uri": "file:///Users/abiasprozvanny/Documents/code/marko/markojs-intellij-plugin/build/idea-sandbox/plugins/markojs-intellij-plugin/lib/guava-21.0.jar",
      "type": 2
    }
  ]
}


[Trace - 02:29:16 pm] Sending notification 'workspace/didChangeWatchedFiles'
Params: {
  "changes": [
    {
      "uri": "file:///Users/abiasprozvanny/Documents/code/marko/markojs-intellij-plugin/build/idea-sandbox/plugins/markojs-intellij-plugin/lib/antlr-2.7.7.jar",
      "type": 2
    }
  ]
}


[Trace - 02:29:16 pm] Sending notification 'workspace/didChangeWatchedFiles'
Params: {
  "changes": [
    {
      "uri": "file:///Users/abiasprozvanny/Documents/code/marko/markojs-intellij-plugin/build/idea-sandbox/plugins/markojs-intellij-plugin/lib/flexmark-0.34.58.jar",
      "type": 2
    }
  ]
}


[Trace - 02:29:16 pm] Sending notification 'workspace/didChangeWatchedFiles'
Params: {
  "changes": [
    {
      "uri": "file:///Users/abiasprozvanny/Documents/code/marko/markojs-intellij-plugin/build/idea-sandbox/plugins/markojs-intellij-plugin/lib/commons-lang3-3.4.jar",
      "type": 2
    }
  ]
}


[Trace - 02:29:16 pm] Sending notification 'workspace/didChangeWatchedFiles'
Params: {
  "changes": [
    {
      "uri": "file:///Users/abiasprozvanny/Documents/code/marko/markojs-intellij-plugin/build/idea-sandbox/plugins/markojs-intellij-plugin/lib/flexmark-util-0.34.58.jar",
      "type": 2
    }
  ]
}


[Trace - 02:29:16 pm] Sending notification 'workspace/didChangeWatchedFiles'
Params: {
  "changes": [
    {
      "uri": "file:///Users/abiasprozvanny/Documents/code/marko/markojs-intellij-plugin/build/idea-sandbox/plugins/markojs-intellij-plugin/lib/org.eclipse.lsp4j-0.8.1.jar",
      "type": 2
    }
  ]
}


[Trace - 02:29:16 pm] Sending notification 'workspace/didChangeWatchedFiles'
Params: {
  "changes": [
    {
      "uri": "file:///Users/abiasprozvanny/Documents/code/marko/markojs-intellij-plugin/build/idea-sandbox/plugins/markojs-intellij-plugin/lib/lsp4intellij-master-SNAPSHOT.jar",
      "type": 2
    }
  ]
}


[Trace - 02:29:16 pm] Sending notification 'workspace/didChangeWatchedFiles'
Params: {
  "changes": [
    {
      "uri": "file:///Users/abiasprozvanny/Documents/code/marko/markojs-intellij-plugin/build/idea-sandbox/plugins/markojs-intellij-plugin/lib/org.eclipse.xtend.lib-2.18.0.jar",
      "type": 2
    }
  ]
}


[Trace - 02:29:16 pm] Sending notification 'workspace/didChangeWatchedFiles'
Params: {
  "changes": [
    {
      "uri": "file:///Users/abiasprozvanny/Documents/code/marko/markojs-intellij-plugin/build/idea-sandbox/plugins/markojs-intellij-plugin/lib/markojs-intellij-plugin.jar",
      "type": 2
    }
  ]
}


[Trace - 02:29:16 pm] Sending notification 'workspace/didChangeWatchedFiles'
Params: {
  "changes": [
    {
      "uri": "file:///Users/abiasprozvanny/Documents/code/marko/markojs-intellij-plugin/build/idea-sandbox/plugins/markojs-intellij-plugin/lib/org.eclipse.lsp4j.generator-0.8.1.jar",
      "type": 2
    }
  ]
}


[Trace - 02:29:16 pm] Sending notification 'workspace/didChangeWatchedFiles'
Params: {
  "changes": [
    {
      "uri": "file:///Users/abiasprozvanny/Documents/code/marko/markojs-intellij-plugin/build/idea-sandbox/plugins/markojs-intellij-plugin/lib/org.eclipse.xtend.lib.macro-2.18.0.jar",
      "type": 2
    }
  ]
}


[Trace - 02:29:16 pm] Sending notification 'workspace/didChangeWatchedFiles'
Params: {
  "changes": [
    {
      "uri": "file:///Users/abiasprozvanny/Documents/code/marko/markojs-intellij-plugin/build/idea-sandbox/plugins/markojs-intellij-plugin/lib/org.eclipse.lsp4j.jsonrpc-0.8.1.jar",
      "type": 2
    }
  ]
}


[Trace - 02:29:16 pm] Sending notification 'workspace/didChangeWatchedFiles'
Params: {
  "changes": [
    {
      "uri": "file:///Users/abiasprozvanny/Documents/code/marko/markojs-intellij-plugin/build/idea-sandbox/plugins/markojs-intellij-plugin/lib/org.eclipse.xtext.xbase.lib-2.18.0.jar",
      "type": 2
    }
  ]
}


[Trace - 02:29:16 pm] Sending notification 'workspace/didChangeWatchedFiles'
Params: {
  "changes": [
    {
      "uri": "file:///Users/abiasprozvanny/Documents/code/marko/markojs-intellij-plugin/build/idea-sandbox/plugins/markojs-intellij-plugin/marko.tmbundle/LICENSE",
      "type": 2
    }
  ]
}


[Trace - 02:29:16 pm] Sending notification 'workspace/didChangeWatchedFiles'
Params: {
  "changes": [
    {
      "uri": "file:///Users/abiasprozvanny/Documents/code/marko/markojs-intellij-plugin/build/idea-sandbox/plugins/markojs-intellij-plugin/marko.tmbundle/info.plist",
      "type": 2
    }
  ]
}


[Trace - 02:29:16 pm] Sending notification 'workspace/didChangeWatchedFiles'
Params: {
  "changes": [
    {
      "uri": "file:///Users/abiasprozvanny/Documents/code/marko/markojs-intellij-plugin/build/idea-sandbox/plugins/markojs-intellij-plugin/marko.tmbundle/README.md",
      "type": 2
    }
  ]
}


[Trace - 02:29:16 pm] Sending notification 'workspace/didChangeWatchedFiles'
Params: {
  "changes": [
    {
      "uri": "file:///Users/abiasprozvanny/Documents/code/marko/markojs-intellij-plugin/build/idea-sandbox/plugins/markojs-intellij-plugin/marko.tmbundle/update-packages.sh",
      "type": 2
    }
  ]
}


[Trace - 02:29:58 pm] Sending notification 'workspace/didChangeWatchedFiles'
Params: {
  "changes": [
    {
      "uri": "file:///Users/abiasprozvanny/Documents/code/marko/markojs-intellij-plugin/build/idea-sandbox/system/.home",
      "type": 2
    }
  ]
}


[Trace - 02:29:58 pm] Sending notification 'workspace/didChangeWatchedFiles'
Params: {
  "changes": [
    {
      "uri": "file:///Users/abiasprozvanny/Documents/code/marko/markojs-intellij-plugin/build/idea-sandbox/config/workspace/1bqiqoOF9Or2Sawo88J6d9Quqmb.xml",
      "type": 2
    }
  ]
}


[Trace - 02:30:18 pm] Sending notification 'textDocument/willSave'
Params: {
  "textDocument": {
    "uri": "file:///Users/abiasprozvanny/Documents/code/marko/markojs-intellij-plugin/test.marko"
  },
  "reason": 1
}


[Trace - 02:30:19 pm] Sending notification 'workspace/didChangeWatchedFiles'
Params: {
  "changes": [
    {
      "uri": "file:///Users/abiasprozvanny/Documents/code/marko/Marko_language_plugin/.idea/workspace.xml",
      "type": 2
    }
  ]
}


[Trace - 02:30:19 pm] Sending notification 'workspace/didChangeWatchedFiles'
Params: {
  "changes": [
    {
      "uri": "file:///Users/abiasprozvanny/Documents/code/marko/markojs-intellij-plugin/.idea/workspace.xml",
      "type": 2
    }
  ]
}


[Trace - 02:30:55 pm] Sending notification 'textDocument/willSave'
Params: {
  "textDocument": {
    "uri": "file:///Users/abiasprozvanny/Documents/code/marko/markojs-intellij-plugin/test.marko"
  },
  "reason": 1
}


